[debug] [2021-06-23T11:36:45.538Z] ----------------------------------------------------------------------
[debug] [2021-06-23T11:36:45.540Z] Command:       C:\Program Files (x86)\nodejs\node.exe C:\Users\LENOVO\AppData\Roaming\npm\node_modules\firebase-tools\lib\bin\firebase.js init
[debug] [2021-06-23T11:36:45.540Z] CLI Version:   9.13.1
[debug] [2021-06-23T11:36:45.541Z] Platform:      win32
[debug] [2021-06-23T11:36:45.541Z] Node Version:  v14.17.0
[debug] [2021-06-23T11:36:45.542Z] Time:          Wed Jun 23 2021 17:06:45 GMT+0530 (India Standard Time)
[debug] [2021-06-23T11:36:45.542Z] ----------------------------------------------------------------------
[debug] 
[debug] [2021-06-23T11:36:45.544Z] >>> [apiv2][query] GET https://firebase-public.firebaseio.com/cli.json [none]
[debug] [2021-06-23T11:36:45.568Z] > command requires scopes: ["email","openid","https://www.googleapis.com/auth/cloudplatformprojects.readonly","https://www.googleapis.com/auth/firebase","https://www.googleapis.com/auth/cloud-platform"]
[debug] [2021-06-23T11:36:45.569Z] > authorizing via signed-in user (shekhararya.p@gmail.com)
[info] 
     ######## #### ########  ######## ########     ###     ######  ########
     ##        ##  ##     ## ##       ##     ##  ##   ##  ##       ##
     ######    ##  ########  ######   ########  #########  ######  ######
     ##        ##  ##    ##  ##       ##     ## ##     ##       ## ##
     ##       #### ##     ## ######## ########  ##     ##  ######  ########

You're about to initialize a Firebase project in this directory:

  C:\Users\LENOVO\my-app

[debug] [2021-06-23T11:36:47.738Z] <<< [apiv2][status] GET https://firebase-public.firebaseio.com/cli.json 200
[debug] [2021-06-23T11:36:47.739Z] <<< [apiv2][body] GET https://firebase-public.firebaseio.com/cli.json {"cloudBuildErrorAfter":1594252800000,"cloudBuildWarnAfter":1590019200000,"defaultNode10After":1594252800000,"minVersion":"3.0.5","node8DeploysDisabledAfter":1613390400000,"node8RuntimeDisabledAfter":1615809600000,"node8WarnAfter":1600128000000}
